Backup started at 2026-02-13_17-50-39
Backup successful: ./backup/backup_2026-02-13_17-50-39.tar.gz
------------------------------------
Backup started at 2026-02-13_18-05-40
Backup successful: ./backup/backup_2026-02-13_18-05-40.tar.gz
------------------------------------
/home/devps-user/devops-project/smart-backup/backup.sh: line 9: ./logs/backup.log: No such file or directory
/home/devps-user/devops-project/smart-backup/backup.sh: line 20: ./logs/backup.log: No such file or directory
/home/devps-user/devops-project/smart-backup/backup.sh: line 22: ./logs/backup.log: No such file or directory
/home/devps-user/devops-project/smart-backup/backup.sh: line 9: ./logs/backup.log: No such file or directory
/home/devps-user/devops-project/smart-backup/backup.sh: line 20: ./logs/backup.log: No such file or directory
/home/devps-user/devops-project/smart-backup/backup.sh: line 22: ./logs/backup.log: No such file or directory
/home/devps-user/devops-project/smart-backup/backup.sh: line 9: ./logs/backup.log: No such file or directory
/home/devps-user/devops-project/smart-backup/backup.sh: line 20: ./logs/backup.log: No such file or directory
/home/devps-user/devops-project/smart-backup/backup.sh: line 22: ./logs/backup.log: No such file or directory
/home/devps-user/devops-project/smart-backup/backup.sh: line 9: ./logs/backup.log: No such file or directory
/home/devps-user/devops-project/smart-backup/backup.sh: line 20: ./logs/backup.log: No such file or directory
/home/devps-user/devops-project/smart-backup/backup.sh: line 22: ./logs/backup.log: No such file or directory
/home/devps-user/devops-project/smart-backup/backup.sh: line 9: ./logs/backup.log: No such file or directory
/home/devps-user/devops-project/smart-backup/backup.sh: line 20: ./logs/backup.log: No such file or directory
/home/devps-user/devops-project/smart-backup/backup.sh: line 22: ./logs/backup.log: No such file or directory
/home/devps-user/devops-project/smart-backup/backup.sh: line 9: ./logs/backup.log: No such file or directory
/home/devps-user/devops-project/smart-backup/backup.sh: line 20: ./logs/backup.log: No such file or directory
/home/devps-user/devops-project/smart-backup/backup.sh: line 22: ./logs/backup.log: No such file or directory
/home/devps-user/devops-project/smart-backup/backup.sh: line 9: ./logs/backup.log: No such file or directory
/home/devps-user/devops-project/smart-backup/backup.sh: line 20: ./logs/backup.log: No such file or directory
/home/devps-user/devops-project/smart-backup/backup.sh: line 22: ./logs/backup.log: No such file or directory
/home/devps-user/devops-project/smart-backup/backup.sh: line 9: ./logs/backup.log: No such file or directory
/home/devps-user/devops-project/smart-backup/backup.sh: line 20: ./logs/backup.log: No such file or directory
/home/devps-user/devops-project/smart-backup/backup.sh: line 22: ./logs/backup.log: No such file or directory
/home/devps-user/devops-project/smart-backup/backup.sh: line 9: ./logs/backup.log: No such file or directory
/home/devps-user/devops-project/smart-backup/backup.sh: line 20: ./logs/backup.log: No such file or directory
/home/devps-user/devops-project/smart-backup/backup.sh: line 22: ./logs/backup.log: No such file or directory
/home/devps-user/devops-project/smart-backup/backup.sh: line 9: ./logs/backup.log: No such file or directory
/home/devps-user/devops-project/smart-backup/backup.sh: line 20: ./logs/backup.log: No such file or directory
/home/devps-user/devops-project/smart-backup/backup.sh: line 22: ./logs/backup.log: No such file or directory
/home/devps-user/devops-project/smart-backup/backup.sh: line 9: ./logs/backup.log: No such file or directory
/home/devps-user/devops-project/smart-backup/backup.sh: line 20: ./logs/backup.log: No such file or directory
/home/devps-user/devops-project/smart-backup/backup.sh: line 22: ./logs/backup.log: No such file or directory
/home/devps-user/devops-project/smart-backup/backup.sh: line 9: ./logs/backup.log: No such file or directory
/home/devps-user/devops-project/smart-backup/backup.sh: line 20: ./logs/backup.log: No such file or directory
/home/devps-user/devops-project/smart-backup/backup.sh: line 22: ./logs/backup.log: No such file or directory
/home/devps-user/devops-project/smart-backup/backup.sh: line 9: ./logs/backup.log: No such file or directory
/home/devps-user/devops-project/smart-backup/backup.sh: line 20: ./logs/backup.log: No such file or directory
/home/devps-user/devops-project/smart-backup/backup.sh: line 22: ./logs/backup.log: No such file or directory
/home/devps-user/devops-project/smart-backup/backup.sh: line 9: ./logs/backup.log: No such file or directory
/home/devps-user/devops-project/smart-backup/backup.sh: line 20: ./logs/backup.log: No such file or directory
/home/devps-user/devops-project/smart-backup/backup.sh: line 22: ./logs/backup.log: No such file or directory
/home/devps-user/devops-project/smart-backup/backup.sh: line 9: ./logs/backup.log: No such file or directory
/home/devps-user/devops-project/smart-backup/backup.sh: line 20: ./logs/backup.log: No such file or directory
/home/devps-user/devops-project/smart-backup/backup.sh: line 22: ./logs/backup.log: No such file or directory
/home/devps-user/devops-project/smart-backup/backup.sh: line 9: ./logs/backup.log: No such file or directory
/home/devps-user/devops-project/smart-backup/backup.sh: line 20: ./logs/backup.log: No such file or directory
/home/devps-user/devops-project/smart-backup/backup.sh: line 22: ./logs/backup.log: No such file or directory
/home/devps-user/devops-project/smart-backup/backup.sh: line 9: ./logs/backup.log: No such file or directory
/home/devps-user/devops-project/smart-backup/backup.sh: line 20: ./logs/backup.log: No such file or directory
/home/devps-user/devops-project/smart-backup/backup.sh: line 22: ./logs/backup.log: No such file or directory
/home/devps-user/devops-project/smart-backup/backup.sh: line 9: ./logs/backup.log: No such file or directory
/home/devps-user/devops-project/smart-backup/backup.sh: line 20: ./logs/backup.log: No such file or directory
/home/devps-user/devops-project/smart-backup/backup.sh: line 22: ./logs/backup.log: No such file or directory
/home/devps-user/devops-project/smart-backup/backup.sh: line 9: ./logs/backup.log: No such file or directory
/home/devps-user/devops-project/smart-backup/backup.sh: line 20: ./logs/backup.log: No such file or directory
/home/devps-user/devops-project/smart-backup/backup.sh: line 22: ./logs/backup.log: No such file or directory
/home/devps-user/devops-project/smart-backup/backup.sh: line 9: ./logs/backup.log: No such file or directory
/home/devps-user/devops-project/smart-backup/backup.sh: line 20: ./logs/backup.log: No such file or directory
/home/devps-user/devops-project/smart-backup/backup.sh: line 22: ./logs/backup.log: No such file or directory
/home/devps-user/devops-project/smart-backup/backup.sh: line 9: ./logs/backup.log: No such file or directory
/home/devps-user/devops-project/smart-backup/backup.sh: line 20: ./logs/backup.log: No such file or directory
/home/devps-user/devops-project/smart-backup/backup.sh: line 22: ./logs/backup.log: No such file or directory
/home/devps-user/devops-project/smart-backup/backup.sh: line 9: ./logs/backup.log: No such file or directory
/home/devps-user/devops-project/smart-backup/backup.sh: line 20: ./logs/backup.log: No such file or directory
/home/devps-user/devops-project/smart-backup/backup.sh: line 22: ./logs/backup.log: No such file or directory
/home/devps-user/devops-project/smart-backup/backup.sh: line 9: ./logs/backup.log: No such file or directory
/home/devps-user/devops-project/smart-backup/backup.sh: line 20: ./logs/backup.log: No such file or directory
/home/devps-user/devops-project/smart-backup/backup.sh: line 22: ./logs/backup.log: No such file or directory
/home/devps-user/devops-project/smart-backup/backup.sh: line 9: ./logs/backup.log: No such file or directory
/home/devps-user/devops-project/smart-backup/backup.sh: line 20: ./logs/backup.log: No such file or directory
/home/devps-user/devops-project/smart-backup/backup.sh: line 22: ./logs/backup.log: No such file or directory
/home/devps-user/devops-project/smart-backup/backup.sh: line 9: ./logs/backup.log: No such file or directory
/home/devps-user/devops-project/smart-backup/backup.sh: line 20: ./logs/backup.log: No such file or directory
/home/devps-user/devops-project/smart-backup/backup.sh: line 22: ./logs/backup.log: No such file or directory
/home/devps-user/devops-project/smart-backup/backup.sh: line 9: ./logs/backup.log: No such file or directory
/home/devps-user/devops-project/smart-backup/backup.sh: line 20: ./logs/backup.log: No such file or directory
/home/devps-user/devops-project/smart-backup/backup.sh: line 22: ./logs/backup.log: No such file or directory
/home/devps-user/devops-project/smart-backup/backup.sh: line 9: ./logs/backup.log: No such file or directory
/home/devps-user/devops-project/smart-backup/backup.sh: line 20: ./logs/backup.log: No such file or directory
/home/devps-user/devops-project/smart-backup/backup.sh: line 22: ./logs/backup.log: No such file or directory
/home/devps-user/devops-project/smart-backup/backup.sh: line 9: ./logs/backup.log: No such file or directory
/home/devps-user/devops-project/smart-backup/backup.sh: line 20: ./logs/backup.log: No such file or directory
/home/devps-user/devops-project/smart-backup/backup.sh: line 22: ./logs/backup.log: No such file or directory
/home/devps-user/devops-project/smart-backup/backup.sh: line 9: ./logs/backup.log: No such file or directory
/home/devps-user/devops-project/smart-backup/backup.sh: line 20: ./logs/backup.log: No such file or directory
/home/devps-user/devops-project/smart-backup/backup.sh: line 22: ./logs/backup.log: No such file or directory
/home/devps-user/devops-project/smart-backup/backup.sh: line 9: ./logs/backup.log: No such file or directory
/home/devps-user/devops-project/smart-backup/backup.sh: line 20: ./logs/backup.log: No such file or directory
/home/devps-user/devops-project/smart-backup/backup.sh: line 22: ./logs/backup.log: No such file or directory
/home/devps-user/devops-project/smart-backup/backup.sh: line 9: ./logs/backup.log: No such file or directory
/home/devps-user/devops-project/smart-backup/backup.sh: line 20: ./logs/backup.log: No such file or directory
/home/devps-user/devops-project/smart-backup/backup.sh: line 22: ./logs/backup.log: No such file or directory
/home/devps-user/devops-project/smart-backup/backup.sh: line 9: ./logs/backup.log: No such file or directory
/home/devps-user/devops-project/smart-backup/backup.sh: line 20: ./logs/backup.log: No such file or directory
/home/devps-user/devops-project/smart-backup/backup.sh: line 22: ./logs/backup.log: No such file or directory
/home/devps-user/devops-project/smart-backup/backup.sh: line 9: ./logs/backup.log: No such file or directory
/home/devps-user/devops-project/smart-backup/backup.sh: line 20: ./logs/backup.log: No such file or directory
/home/devps-user/devops-project/smart-backup/backup.sh: line 22: ./logs/backup.log: No such file or directory
Backup started at 2026-02-13_18-46-58
Backup successful: /home/devps-user/devops-project/smart-backup/backup/backup_2026-02-13_18-46-58.tar.gz
------------------------------------
Backup started at 2026-02-13_18-47-01
tar: Removing leading `/' from member names
Backup successful: /home/devps-user/devops-project/smart-backup/backup/backup_2026-02-13_18-47-01.tar.gz
------------------------------------
Backup started at 2026-02-13_18-48-01
tar: Removing leading `/' from member names
Backup successful: /home/devps-user/devops-project/smart-backup/backup/backup_2026-02-13_18-48-01.tar.gz
------------------------------------
Backup started at 2026-02-13_18-49-01
tar: Removing leading `/' from member names
Backup successful: /home/devps-user/devops-project/smart-backup/backup/backup_2026-02-13_18-49-01.tar.gz
------------------------------------
Backup started at 2026-02-13_18-50-02
tar: Removing leading `/' from member names
Backup successful: /home/devps-user/devops-project/smart-backup/backup/backup_2026-02-13_18-50-02.tar.gz
------------------------------------
Backup started at 2026-02-13_18-51-01
tar: Removing leading `/' from member names
Backup successful: /home/devps-user/devops-project/smart-backup/backup/backup_2026-02-13_18-51-01.tar.gz
------------------------------------
Backup started at 2026-02-13_18-52-01
tar: Removing leading `/' from member names
Backup successful: /home/devps-user/devops-project/smart-backup/backup/backup_2026-02-13_18-52-01.tar.gz
------------------------------------
Backup started at 2026-02-13_18-53-01
tar: Removing leading `/' from member names
Backup successful: /home/devps-user/devops-project/smart-backup/backup/backup_2026-02-13_18-53-01.tar.gz
------------------------------------
Backup started at 2026-02-13_18-54-01
tar: Removing leading `/' from member names
Backup successful: /home/devps-user/devops-project/smart-backup/backup/backup_2026-02-13_18-54-01.tar.gz
------------------------------------
Backup started at 2026-02-13_18-55-01
tar: Removing leading `/' from member names
Backup successful: /home/devps-user/devops-project/smart-backup/backup/backup_2026-02-13_18-55-01.tar.gz
------------------------------------
Backup started at 2026-02-13_18-56-01
tar: Removing leading `/' from member names
Backup successful: /home/devps-user/devops-project/smart-backup/backup/backup_2026-02-13_18-56-01.tar.gz
------------------------------------
Backup started at 2026-02-13_18-57-01
tar: Removing leading `/' from member names
Backup successful: /home/devps-user/devops-project/smart-backup/backup/backup_2026-02-13_18-57-01.tar.gz
------------------------------------
Backup started at 2026-02-13_18-58-01
tar: Removing leading `/' from member names
Backup successful: /home/devps-user/devops-project/smart-backup/backup/backup_2026-02-13_18-58-01.tar.gz
------------------------------------
Backup started at 2026-02-13_19-00-01
tar: Removing leading `/' from member names
Backup successful: /home/devps-user/devops-project/smart-backup/backup/backup_2026-02-13_19-00-01.tar.gz
------------------------------------
Backup started at 2026-02-13_19-02-22
Backup successful: /home/devps-user/devops-project/smart-backup/backup/backup_2026-02-13_19-02-22.tar.gz
------------------------------------
Backup started at 2026-02-17_17-25-01
tar: Removing leading `/' from member names
Backup successful: /home/devps-user/devops-project/smart-backup/backup/backup_2026-02-17_17-25-01.tar.gz
------------------------------------
Backup started at 2026-02-17_17-50-01
tar: Removing leading `/' from member names
Backup successful: /home/devps-user/devops-project/smart-backup/backup/backup_2026-02-17_17-50-01.tar.gz
------------------------------------
Backup started at 2026-02-17_18-00-02
tar: Removing leading `/' from member names
Backup successful: /home/devps-user/devops-project/smart-backup/backup/backup_2026-02-17_18-00-02.tar.gz
------------------------------------
Backup started at 2026-02-17_18-25-01
tar: Removing leading `/' from member names
Backup successful: /home/devps-user/devops-project/smart-backup/backup/backup_2026-02-17_18-25-01.tar.gz
------------------------------------
Backup started at 2026-02-17_18-50-01
tar: Removing leading `/' from member names
Backup successful: /home/devps-user/devops-project/smart-backup/backup/backup_2026-02-17_18-50-01.tar.gz
------------------------------------
Backup started at 2026-02-17_19-00-01
tar: Removing leading `/' from member names
Backup successful: /home/devps-user/devops-project/smart-backup/backup/backup_2026-02-17_19-00-01.tar.gz
------------------------------------
Backup started at 2026-02-21_11-50-01
tar: Removing leading `/' from member names
Backup successful: /home/devps-user/devops-project/smart-backup/backup/backup_2026-02-21_11-50-01.tar.gz
------------------------------------
Backup started at 2026-02-21_12-00-01
tar: Removing leading `/' from member names
Backup successful: /home/devps-user/devops-project/smart-backup/backup/backup_2026-02-21_12-00-01.tar.gz
------------------------------------
